ARM GAS  /tmp/cc59l9Qb.s 			page 1


   1              		.cpu cortex-m4
   2              		.eabi_attribute 27, 1
   3              		.eabi_attribute 28, 1
   4              		.eabi_attribute 20, 1
   5              		.eabi_attribute 21, 1
   6              		.eabi_attribute 23, 3
   7              		.eabi_attribute 24, 1
   8              		.eabi_attribute 25, 1
   9              		.eabi_attribute 26, 1
  10              		.eabi_attribute 30, 1
  11              		.eabi_attribute 34, 1
  12              		.eabi_attribute 18, 4
  13              		.file	"stm32l4xx_hal_msp_template.c"
  14              		.text
  15              	.Ltext0:
  16              		.cfi_sections	.debug_frame
  17              		.section	.text.HAL_MspInit,"ax",%progbits
  18              		.align	1
  19              		.global	HAL_MspInit
  20              		.arch armv7e-m
  21              		.syntax unified
  22              		.thumb
  23              		.thumb_func
  24              		.fpu fpv4-sp-d16
  26              	HAL_MspInit:
  27              	.LFB132:
  28              		.file 1 "Drivers/STM32L4xx_HAL_Driver/Src/stm32l4xx_hal_msp_template.c"
   1:Drivers/STM32L4xx_HAL_Driver/Src/stm32l4xx_hal_msp_template.c **** /**
   2:Drivers/STM32L4xx_HAL_Driver/Src/stm32l4xx_hal_msp_template.c ****   ******************************************************************************
   3:Drivers/STM32L4xx_HAL_Driver/Src/stm32l4xx_hal_msp_template.c ****   * @file    stm32l4xx_hal_msp_template.c
   4:Drivers/STM32L4xx_HAL_Driver/Src/stm32l4xx_hal_msp_template.c ****   * @author  MCD Application Team
   5:Drivers/STM32L4xx_HAL_Driver/Src/stm32l4xx_hal_msp_template.c ****   * @brief   HAL MSP module.
   6:Drivers/STM32L4xx_HAL_Driver/Src/stm32l4xx_hal_msp_template.c ****   *          This file template is located in the HAL folder and should be copied
   7:Drivers/STM32L4xx_HAL_Driver/Src/stm32l4xx_hal_msp_template.c ****   *          to the user folder.
   8:Drivers/STM32L4xx_HAL_Driver/Src/stm32l4xx_hal_msp_template.c ****   ******************************************************************************
   9:Drivers/STM32L4xx_HAL_Driver/Src/stm32l4xx_hal_msp_template.c ****   * @attention
  10:Drivers/STM32L4xx_HAL_Driver/Src/stm32l4xx_hal_msp_template.c ****   *
  11:Drivers/STM32L4xx_HAL_Driver/Src/stm32l4xx_hal_msp_template.c ****   * Copyright (c) 2017 STMicroelectronics.
  12:Drivers/STM32L4xx_HAL_Driver/Src/stm32l4xx_hal_msp_template.c ****   * All rights reserved.
  13:Drivers/STM32L4xx_HAL_Driver/Src/stm32l4xx_hal_msp_template.c ****   *
  14:Drivers/STM32L4xx_HAL_Driver/Src/stm32l4xx_hal_msp_template.c ****   * This software is licensed under terms that can be found in the LICENSE file
  15:Drivers/STM32L4xx_HAL_Driver/Src/stm32l4xx_hal_msp_template.c ****   * in the root directory of this software component.
  16:Drivers/STM32L4xx_HAL_Driver/Src/stm32l4xx_hal_msp_template.c ****   * If no LICENSE file comes with this software, it is provided AS-IS.
  17:Drivers/STM32L4xx_HAL_Driver/Src/stm32l4xx_hal_msp_template.c ****   *
  18:Drivers/STM32L4xx_HAL_Driver/Src/stm32l4xx_hal_msp_template.c ****   ******************************************************************************
  19:Drivers/STM32L4xx_HAL_Driver/Src/stm32l4xx_hal_msp_template.c ****   */
  20:Drivers/STM32L4xx_HAL_Driver/Src/stm32l4xx_hal_msp_template.c **** 
  21:Drivers/STM32L4xx_HAL_Driver/Src/stm32l4xx_hal_msp_template.c **** /* Includes ------------------------------------------------------------------*/
  22:Drivers/STM32L4xx_HAL_Driver/Src/stm32l4xx_hal_msp_template.c **** #include "stm32l4xx_hal.h"
  23:Drivers/STM32L4xx_HAL_Driver/Src/stm32l4xx_hal_msp_template.c **** 
  24:Drivers/STM32L4xx_HAL_Driver/Src/stm32l4xx_hal_msp_template.c **** /** @addtogroup STM32L4xx_HAL_Driver
  25:Drivers/STM32L4xx_HAL_Driver/Src/stm32l4xx_hal_msp_template.c ****   * @{
  26:Drivers/STM32L4xx_HAL_Driver/Src/stm32l4xx_hal_msp_template.c ****   */
  27:Drivers/STM32L4xx_HAL_Driver/Src/stm32l4xx_hal_msp_template.c **** 
  28:Drivers/STM32L4xx_HAL_Driver/Src/stm32l4xx_hal_msp_template.c **** /** @defgroup HAL_MSP HAL MSP module driver
  29:Drivers/STM32L4xx_HAL_Driver/Src/stm32l4xx_hal_msp_template.c ****   * @brief HAL MSP module.
  30:Drivers/STM32L4xx_HAL_Driver/Src/stm32l4xx_hal_msp_template.c ****   * @{
ARM GAS  /tmp/cc59l9Qb.s 			page 2


  31:Drivers/STM32L4xx_HAL_Driver/Src/stm32l4xx_hal_msp_template.c ****   */
  32:Drivers/STM32L4xx_HAL_Driver/Src/stm32l4xx_hal_msp_template.c **** 
  33:Drivers/STM32L4xx_HAL_Driver/Src/stm32l4xx_hal_msp_template.c **** /* Private typedef -----------------------------------------------------------*/
  34:Drivers/STM32L4xx_HAL_Driver/Src/stm32l4xx_hal_msp_template.c **** /* Private define ------------------------------------------------------------*/
  35:Drivers/STM32L4xx_HAL_Driver/Src/stm32l4xx_hal_msp_template.c **** /* Private macro -------------------------------------------------------------*/
  36:Drivers/STM32L4xx_HAL_Driver/Src/stm32l4xx_hal_msp_template.c **** /* Private variables ---------------------------------------------------------*/
  37:Drivers/STM32L4xx_HAL_Driver/Src/stm32l4xx_hal_msp_template.c **** /* Private function prototypes -----------------------------------------------*/
  38:Drivers/STM32L4xx_HAL_Driver/Src/stm32l4xx_hal_msp_template.c **** /* Private functions ---------------------------------------------------------*/
  39:Drivers/STM32L4xx_HAL_Driver/Src/stm32l4xx_hal_msp_template.c **** 
  40:Drivers/STM32L4xx_HAL_Driver/Src/stm32l4xx_hal_msp_template.c **** /** @defgroup HAL_MSP_Private_Functions
  41:Drivers/STM32L4xx_HAL_Driver/Src/stm32l4xx_hal_msp_template.c ****   * @{
  42:Drivers/STM32L4xx_HAL_Driver/Src/stm32l4xx_hal_msp_template.c ****   */
  43:Drivers/STM32L4xx_HAL_Driver/Src/stm32l4xx_hal_msp_template.c **** 
  44:Drivers/STM32L4xx_HAL_Driver/Src/stm32l4xx_hal_msp_template.c **** /**
  45:Drivers/STM32L4xx_HAL_Driver/Src/stm32l4xx_hal_msp_template.c ****   * @brief  Initialize the Global MSP.
  46:Drivers/STM32L4xx_HAL_Driver/Src/stm32l4xx_hal_msp_template.c ****   * @param  None
  47:Drivers/STM32L4xx_HAL_Driver/Src/stm32l4xx_hal_msp_template.c ****   * @retval None
  48:Drivers/STM32L4xx_HAL_Driver/Src/stm32l4xx_hal_msp_template.c ****   */
  49:Drivers/STM32L4xx_HAL_Driver/Src/stm32l4xx_hal_msp_template.c **** void HAL_MspInit(void)
  50:Drivers/STM32L4xx_HAL_Driver/Src/stm32l4xx_hal_msp_template.c **** {
  29              		.loc 1 50 1 view -0
  30              		.cfi_startproc
  31              		@ args = 0, pretend = 0, frame = 0
  32              		@ frame_needed = 0, uses_anonymous_args = 0
  33              		@ link register save eliminated.
  51:Drivers/STM32L4xx_HAL_Driver/Src/stm32l4xx_hal_msp_template.c ****   /* NOTE : This function is generated automatically by STM32CubeMX and eventually
  52:Drivers/STM32L4xx_HAL_Driver/Src/stm32l4xx_hal_msp_template.c ****             modified by the user
  53:Drivers/STM32L4xx_HAL_Driver/Src/stm32l4xx_hal_msp_template.c ****    */
  54:Drivers/STM32L4xx_HAL_Driver/Src/stm32l4xx_hal_msp_template.c **** }
  34              		.loc 1 54 1 view .LVU1
  35 0000 7047     		bx	lr
  36              		.cfi_endproc
  37              	.LFE132:
  39              		.section	.text.HAL_MspDeInit,"ax",%progbits
  40              		.align	1
  41              		.global	HAL_MspDeInit
  42              		.syntax unified
  43              		.thumb
  44              		.thumb_func
  45              		.fpu fpv4-sp-d16
  47              	HAL_MspDeInit:
  48              	.LFB133:
  55:Drivers/STM32L4xx_HAL_Driver/Src/stm32l4xx_hal_msp_template.c **** 
  56:Drivers/STM32L4xx_HAL_Driver/Src/stm32l4xx_hal_msp_template.c **** /**
  57:Drivers/STM32L4xx_HAL_Driver/Src/stm32l4xx_hal_msp_template.c ****   * @brief  DeInitialize the Global MSP.
  58:Drivers/STM32L4xx_HAL_Driver/Src/stm32l4xx_hal_msp_template.c ****   * @param  None
  59:Drivers/STM32L4xx_HAL_Driver/Src/stm32l4xx_hal_msp_template.c ****   * @retval None
  60:Drivers/STM32L4xx_HAL_Driver/Src/stm32l4xx_hal_msp_template.c ****   */
  61:Drivers/STM32L4xx_HAL_Driver/Src/stm32l4xx_hal_msp_template.c **** void HAL_MspDeInit(void)
  62:Drivers/STM32L4xx_HAL_Driver/Src/stm32l4xx_hal_msp_template.c **** {
  49              		.loc 1 62 1 view -0
  50              		.cfi_startproc
  51              		@ args = 0, pretend = 0, frame = 0
  52              		@ frame_needed = 0, uses_anonymous_args = 0
  53              		@ link register save eliminated.
  63:Drivers/STM32L4xx_HAL_Driver/Src/stm32l4xx_hal_msp_template.c ****   /* NOTE : This function is generated automatically by STM32CubeMX and eventually
  64:Drivers/STM32L4xx_HAL_Driver/Src/stm32l4xx_hal_msp_template.c ****             modified by the user
ARM GAS  /tmp/cc59l9Qb.s 			page 3


  65:Drivers/STM32L4xx_HAL_Driver/Src/stm32l4xx_hal_msp_template.c ****    */
  66:Drivers/STM32L4xx_HAL_Driver/Src/stm32l4xx_hal_msp_template.c **** }
  54              		.loc 1 66 1 view .LVU3
  55 0000 7047     		bx	lr
  56              		.cfi_endproc
  57              	.LFE133:
  59              		.section	.text.HAL_PPP_MspInit,"ax",%progbits
  60              		.align	1
  61              		.global	HAL_PPP_MspInit
  62              		.syntax unified
  63              		.thumb
  64              		.thumb_func
  65              		.fpu fpv4-sp-d16
  67              	HAL_PPP_MspInit:
  68              	.LFB134:
  67:Drivers/STM32L4xx_HAL_Driver/Src/stm32l4xx_hal_msp_template.c **** 
  68:Drivers/STM32L4xx_HAL_Driver/Src/stm32l4xx_hal_msp_template.c **** /**
  69:Drivers/STM32L4xx_HAL_Driver/Src/stm32l4xx_hal_msp_template.c ****   * @brief  Initialize the PPP MSP.
  70:Drivers/STM32L4xx_HAL_Driver/Src/stm32l4xx_hal_msp_template.c ****   * @param  None
  71:Drivers/STM32L4xx_HAL_Driver/Src/stm32l4xx_hal_msp_template.c ****   * @retval None
  72:Drivers/STM32L4xx_HAL_Driver/Src/stm32l4xx_hal_msp_template.c ****   */
  73:Drivers/STM32L4xx_HAL_Driver/Src/stm32l4xx_hal_msp_template.c **** void HAL_PPP_MspInit(void)
  74:Drivers/STM32L4xx_HAL_Driver/Src/stm32l4xx_hal_msp_template.c **** {
  69              		.loc 1 74 1 view -0
  70              		.cfi_startproc
  71              		@ args = 0, pretend = 0, frame = 0
  72              		@ frame_needed = 0, uses_anonymous_args = 0
  73              		@ link register save eliminated.
  75:Drivers/STM32L4xx_HAL_Driver/Src/stm32l4xx_hal_msp_template.c ****   /* NOTE : This function is generated automatically by STM32CubeMX and eventually
  76:Drivers/STM32L4xx_HAL_Driver/Src/stm32l4xx_hal_msp_template.c ****             modified by the user
  77:Drivers/STM32L4xx_HAL_Driver/Src/stm32l4xx_hal_msp_template.c ****    */
  78:Drivers/STM32L4xx_HAL_Driver/Src/stm32l4xx_hal_msp_template.c **** }
  74              		.loc 1 78 1 view .LVU5
  75 0000 7047     		bx	lr
  76              		.cfi_endproc
  77              	.LFE134:
  79              		.section	.text.HAL_PPP_MspDeInit,"ax",%progbits
  80              		.align	1
  81              		.global	HAL_PPP_MspDeInit
  82              		.syntax unified
  83              		.thumb
  84              		.thumb_func
  85              		.fpu fpv4-sp-d16
  87              	HAL_PPP_MspDeInit:
  88              	.LFB135:
  79:Drivers/STM32L4xx_HAL_Driver/Src/stm32l4xx_hal_msp_template.c **** 
  80:Drivers/STM32L4xx_HAL_Driver/Src/stm32l4xx_hal_msp_template.c **** /**
  81:Drivers/STM32L4xx_HAL_Driver/Src/stm32l4xx_hal_msp_template.c ****   * @brief  DeInitialize the PPP MSP.
  82:Drivers/STM32L4xx_HAL_Driver/Src/stm32l4xx_hal_msp_template.c ****   * @param  None
  83:Drivers/STM32L4xx_HAL_Driver/Src/stm32l4xx_hal_msp_template.c ****   * @retval None
  84:Drivers/STM32L4xx_HAL_Driver/Src/stm32l4xx_hal_msp_template.c ****   */
  85:Drivers/STM32L4xx_HAL_Driver/Src/stm32l4xx_hal_msp_template.c **** void HAL_PPP_MspDeInit(void)
  86:Drivers/STM32L4xx_HAL_Driver/Src/stm32l4xx_hal_msp_template.c **** {
  89              		.loc 1 86 1 view -0
  90              		.cfi_startproc
  91              		@ args = 0, pretend = 0, frame = 0
  92              		@ frame_needed = 0, uses_anonymous_args = 0
ARM GAS  /tmp/cc59l9Qb.s 			page 4


  93              		@ link register save eliminated.
  87:Drivers/STM32L4xx_HAL_Driver/Src/stm32l4xx_hal_msp_template.c ****   /* NOTE : This function is generated automatically by STM32CubeMX and eventually
  88:Drivers/STM32L4xx_HAL_Driver/Src/stm32l4xx_hal_msp_template.c ****             modified by the user
  89:Drivers/STM32L4xx_HAL_Driver/Src/stm32l4xx_hal_msp_template.c ****    */
  90:Drivers/STM32L4xx_HAL_Driver/Src/stm32l4xx_hal_msp_template.c **** }
  94              		.loc 1 90 1 view .LVU7
  95 0000 7047     		bx	lr
  96              		.cfi_endproc
  97              	.LFE135:
  99              		.text
 100              	.Letext0:
ARM GAS  /tmp/cc59l9Qb.s 			page 5


DEFINED SYMBOLS
                            *ABS*:0000000000000000 stm32l4xx_hal_msp_template.c
     /tmp/cc59l9Qb.s:18     .text.HAL_MspInit:0000000000000000 $t
     /tmp/cc59l9Qb.s:26     .text.HAL_MspInit:0000000000000000 HAL_MspInit
     /tmp/cc59l9Qb.s:40     .text.HAL_MspDeInit:0000000000000000 $t
     /tmp/cc59l9Qb.s:47     .text.HAL_MspDeInit:0000000000000000 HAL_MspDeInit
     /tmp/cc59l9Qb.s:60     .text.HAL_PPP_MspInit:0000000000000000 $t
     /tmp/cc59l9Qb.s:67     .text.HAL_PPP_MspInit:0000000000000000 HAL_PPP_MspInit
     /tmp/cc59l9Qb.s:80     .text.HAL_PPP_MspDeInit:0000000000000000 $t
     /tmp/cc59l9Qb.s:87     .text.HAL_PPP_MspDeInit:0000000000000000 HAL_PPP_MspDeInit

NO UNDEFINED SYMBOLS
